TN:
SF:src\services\colors.service.js
FN:4,(anonymous_0)
FN:14,(anonymous_1)
FN:27,(anonymous_2)
FNF:3
FNH:3
FNDA:1,(anonymous_0)
FNDA:2,(anonymous_1)
FNDA:2,(anonymous_2)
DA:1,1
DA:2,1
DA:3,1
DA:4,1
DA:5,1
DA:11,1
DA:14,1
DA:15,2
DA:16,2
DA:22,1
DA:24,1
DA:27,1
DA:28,2
DA:29,2
DA:52,1
DA:54,1
DA:55,1
DA:59,1
LF:18
LH:18
BRF:0
BRH:0
end_of_record
TN:
SF:src\utils\exception.error.js
FN:2,(anonymous_0)
FNF:1
FNH:1
FNDA:3,(anonymous_0)
DA:3,3
DA:4,3
DA:8,2
LF:3
LH:3
BRF:0
BRH:0
end_of_record
TN:
SF:src\utils\generalFunctions.js
FN:1,(anonymous_0)
FN:7,(anonymous_1)
FNF:2
FNH:2
FNDA:2,(anonymous_0)
FNDA:1,(anonymous_1)
DA:1,1
DA:2,2
DA:3,2
DA:4,2
DA:7,1
DA:8,1
DA:9,1
DA:10,1
DA:11,1
DA:13,1
DA:16,1
LF:11
LH:11
BRDA:2,0,0,1
BRDA:2,0,1,1
BRF:2
BRH:2
end_of_record
TN:
SF:src\utils\input.validator.js
FN:3,(anonymous_0)
FNF:1
FNH:1
FNDA:6,(anonymous_0)
DA:1,2
DA:3,2
DA:5,6
DA:7,2
DA:15,2
DA:17,2
DA:20,2
DA:22,2
DA:28,2
DA:30,6
LF:10
LH:10
BRDA:5,0,0,2
BRDA:5,0,1,2
BRDA:5,0,2,2
BRF:3
BRH:3
end_of_record
